Optional mpi4py package is not installed.  MPI support is not available.
loaded pulsars from pickle
PTA model with TM WN CRN (spectrum) 
Initiating OS stats
Calculating OS stats (maximum LH)
--------------------------------------------------
 3.1928480204342273e-09 
--------------------------------------------------
--------------------------------------------------
 6.385696040868454e-09 
--------------------------------------------------
--------------------------------------------------
 9.57854406130268e-09 
--------------------------------------------------
--------------------------------------------------
 1.2771392081736907e-08 
--------------------------------------------------
--------------------------------------------------
 1.5964240102171136e-08 
--------------------------------------------------
--------------------------------------------------
 1.915708812260536e-08 
--------------------------------------------------
--------------------------------------------------
 2.234993614303959e-08 
--------------------------------------------------
--------------------------------------------------
 2.5542784163473818e-08 
--------------------------------------------------
--------------------------------------------------
 2.8735632183908043e-08 
--------------------------------------------------
--------------------------------------------------
 3.1928480204342265e-08 
--------------------------------------------------
--------------------------------------------------
 3.512132822477649e-08 
--------------------------------------------------
--------------------------------------------------
 3.831417624521072e-08 
--------------------------------------------------
--------------------------------------------------
 4.150702426564495e-08 
--------------------------------------------------
--------------------------------------------------
 4.469987228607917e-08 
--------------------------------------------------
--------------------------------------------------
 4.7892720306513405e-08 
--------------------------------------------------
--------------------------------------------------
 5.108556832694763e-08 
--------------------------------------------------
--------------------------------------------------
 5.4278416347381855e-08 
--------------------------------------------------
--------------------------------------------------
 5.747126436781608e-08 
--------------------------------------------------
--------------------------------------------------
 6.066411238825031e-08 
--------------------------------------------------
--------------------------------------------------
 6.385696040868454e-08 
--------------------------------------------------
