Optional mpi4py package is not installed.  MPI support is not available.
psrTerm= True
[2.23e-08]
J0234+0837 added WN added RN (logA = -12.004288734081966, gamma=1.817522144936391) added CGW 1
[2.23e-08]
J2054-0251 added WN added RN (logA = -13.15400923337184, gamma=2.064339908933998) added CGW 1
[2.23e-08]
J0724-7148 added WN added RN (logA = -12.041108603282156, gamma=1.9687102804371666) added CGW 1
[2.23e-08]
J0114+7148 added WN added RN (logA = -13.169011498579396, gamma=1.72538838595712) added CGW 1
[2.23e-08]
J1024+5812 added WN added RN (logA = -13.164036170247016, gamma=2.161950469929751) added CGW 1
[2.23e-08]
J1144+0251 added WN added RN (logA = -13.329921719514834, gamma=1.7507308570599702) added CGW 1
[2.23e-08]
J1724+1428 added WN added RN (logA = -13.298454107133443, gamma=1.85772896437642) added CGW 1
[2.23e-08]
J0354-4032 added WN added RN (logA = -13.199406378724023, gamma=1.9513816245289886) added CGW 1
[2.23e-08]
J1514-1428 added WN added RN (logA = -12.079489460907642, gamma=2.1053781389162203) added CGW 1
[2.23e-08]
J1304-4835 added WN added RN (logA = -12.192920716302789, gamma=1.8256719955210376) added CGW 1
[2.23e-08]
J0024-2029 added WN added RN (logA = -13.441976282285086, gamma=2.1643645327422045) added CGW 1
[2.23e-08]
J2304+2644 added WN added RN (logA = -12.622463946364048, gamma=1.7256548385811175) added CGW 1
[2.23e-08]
J2214-5812 added WN added RN (logA = -12.519912958245797, gamma=2.199551410143206) added CGW 1
[2.23e-08]
J0934-2644 added WN added RN (logA = -13.846902952274258, gamma=1.7688643925137142) added CGW 1
[2.23e-08]
J0444+4032 added WN added RN (logA = -12.457269074165701, gamma=2.017079661560275) added CGW 1
[2.23e-08]
J1354+3322 added WN added RN (logA = -13.815586133658543, gamma=1.9044475830163339) added CGW 1
[2.23e-08]
J1934+4835 added WN added RN (logA = -13.229469462568838, gamma=2.130130751105325) added CGW 1
[2.23e-08]
J1844-3322 added WN added RN (logA = -12.823207763450233, gamma=2.090781098517986) added CGW 1
[2.23e-08]
J0814+2029 added WN added RN (logA = -13.506945342210917, gamma=2.0644184535526056) added CGW 1
[2.23e-08]
J0604-0837 added WN added RN (logA = -13.904194330529918, gamma=2.0234050473131795) added CGW 1

[tempo2Util.C:396] Warning: [PAR2] Have not set a DM epoch. The period epoch will be used instead. /u/kgrunthal/HD/par/isotropic/J0234+0837.par
[tempo2Util.C:396] Warning: [TIM1] Please place MODE flags in the parameter file 
[tempo2Util.C:401] Warning: [DUP1] duplicated warnings have been suppressed.
Simulation done
