Optional mpi4py package is not installed.  MPI support is not available.
psrTerm= False
J0234+0837 added WN
J2054-0251 added WN
J0724-7148 added WN
J0114+7148 added WN
J1024+5812 added WN
J1144+0251 added WN
J1724+1428 added WN
J0354-4032 added WN
J1514-1428 added WN
J1304-4835 added WN
J0024-2029 added WN
J2304+2644 added WN
J2214-5812 added WN
J0934-2644 added WN
J0444+4032 added WN
J1354+3322 added WN
J1934+4835 added WN
J1844-3322 added WN
J0814+2029 added WN
J0604-0837 added WN
[[0.67475674 1.42022805]
 [5.4746832  1.62081718]
 [1.94161104 2.82403222]
 [0.32460682 0.31756043]
 [2.72457005 0.55481103]
 [3.07471997 1.52077547]
 [4.55797882 1.31811607]
 [1.02490666 2.27838076]
 [3.99142435 1.82347658]
 [3.42486989 2.41885841]
 [0.10820227 1.92836743]
 [6.04123767 1.10403099]
 [5.82483312 2.58678162]
 [2.5081655  2.03756167]
 [1.24131121 0.86321189]
 [3.64127444 0.98843209]
 [5.12453328 0.72273425]
 [4.90812873 2.15316056]
 [2.15801559 1.21322522]
 [1.59146112 1.7213646 ]]
 added single bin GWB 
[tempo2Util.C:396] Warning: [PAR2] Have not set a DM epoch. The period epoch will be used instead. /u/kgrunthal/HD/par/isotropic/J0234+0837.par
[tempo2Util.C:396] Warning: [TIM1] Please place MODE flags in the parameter file 
[tempo2Util.C:401] Warning: [DUP1] duplicated warnings have been suppressed.
Simulation done
