Optional mpi4py package is not installed.  MPI support is not available.
psrTerm= True
[2.23e-08]
J0234+0837 added WN added RN (logA = -13.054567232256323, gamma=2.121061395994815) added CGW 1
[2.23e-08]
J2054-0251 added WN added RN (logA = -12.273486749529074, gamma=1.7917280825794435) added CGW 1
[2.23e-08]
J0724-7148 added WN added RN (logA = -13.831091654050395, gamma=2.155640857424756) added CGW 1
[2.23e-08]
J0114+7148 added WN added RN (logA = -13.742505260749736, gamma=1.8740069568155133) added CGW 1
[2.23e-08]
J1024+5812 added WN added RN (logA = -12.887350560943968, gamma=1.7686889480597856) added CGW 1
[2.23e-08]
J1144+0251 added WN added RN (logA = -12.099053737061048, gamma=2.0838604024097673) added CGW 1
[2.23e-08]
J1724+1428 added WN added RN (logA = -13.503353888741044, gamma=2.191605011308388) added CGW 1
[2.23e-08]
J0354-4032 added WN added RN (logA = -13.738788995749461, gamma=1.7699699782085767) added CGW 1
[2.23e-08]
J1514-1428 added WN added RN (logA = -12.022439742891113, gamma=2.0253563702994026) added CGW 1
[2.23e-08]
J1304-4835 added WN added RN (logA = -12.41660563869569, gamma=2.0977611764421065) added CGW 1
[2.23e-08]
J0024-2029 added WN added RN (logA = -12.861586566248313, gamma=1.7508175551028653) added CGW 1
[2.23e-08]
J2304+2644 added WN added RN (logA = -12.922274977528836, gamma=2.0181959125455915) added CGW 1
[2.23e-08]
J2214-5812 added WN added RN (logA = -12.006287681959723, gamma=1.739776784688431) added CGW 1
[2.23e-08]
J0934-2644 added WN added RN (logA = -12.772041391815346, gamma=1.8405721830099593) added CGW 1
[2.23e-08]
J0444+4032 added WN added RN (logA = -12.734895491805966, gamma=1.8860989400188162) added CGW 1
[2.23e-08]
J1354+3322 added WN added RN (logA = -12.642486842148129, gamma=1.7249040775164748) added CGW 1
[2.23e-08]
J1934+4835 added WN added RN (logA = -12.85617605443198, gamma=1.9602764237046408) added CGW 1
[2.23e-08]
J1844-3322 added WN added RN (logA = -13.823329043038472, gamma=1.903277499507965) added CGW 1
[2.23e-08]
J0814+2029 added WN added RN (logA = -12.88212247706499, gamma=2.0060233148254527) added CGW 1
[2.23e-08]
J0604-0837 added WN added RN (logA = -13.390539449890726, gamma=1.8895583816976316) added CGW 1

[tempo2Util.C:396] Warning: [PAR2] Have not set a DM epoch. The period epoch will be used instead. /u/kgrunthal/HD/par/isotropic/J0234+0837.par
[tempo2Util.C:396] Warning: [TIM1] Please place MODE flags in the parameter file 
[tempo2Util.C:401] Warning: [DUP1] duplicated warnings have been suppressed.
Simulation done
