Optional mpi4py package is not installed.  MPI support is not available.
psrTerm= False
J0224+0000 added WN
J1912+0000 added WN
J2136+0000 added WN
J1648+0000 added WN
J0448+0000 added WN
J0712+0000 added WN
J1200+0000 added WN
J1424+0000 added WN
J0936+0000 added WN
J0000+0000 added WN
[[6.28318531e-01 1.57079633e+00]
 [5.02654825e+00 1.57079633e+00]
 [5.65486678e+00 1.57079633e+00]
 [4.39822972e+00 1.57079633e+00]
 [1.25663706e+00 1.57079633e+00]
 [1.88495559e+00 1.57079633e+00]
 [3.14159265e+00 1.57079633e+00]
 [3.76991118e+00 1.57079633e+00]
 [2.51327412e+00 1.57079633e+00]
 [2.78411705e-11 1.57079633e+00]]
 added broken GWB 
[tempo2Util.C:396] Warning: [PAR2] Have not set a DM epoch. The period epoch will be used instead. /u/kgrunthal/HD/par/ring/J0224+0000.par
[tempo2Util.C:396] Warning: [TIM1] Please place MODE flags in the parameter file 
[tempo2Util.C:401] Warning: [DUP1] duplicated warnings have been suppressed.
Simulation done
