[tempo2Util.C:396] Warning: [PAR2] Have not set a DM epoch. The period epoch will be used instead. /u/kgrunthal/HD/par/isotropic/J0234+0837.par
[tempo2Util.C:396] Warning: [TIM1] Please place MODE flags in the parameter file 
[tempo2Util.C:401] Warning: [DUP1] duplicated warnings have been suppressed.
Optional mpi4py package is not installed.  MPI support is not available.
Optional acor package is not installed. Acor is optionally used to calculate the effective chain length for output in the chain file.
psrTerm= False
[2.23e-08]
J0234+0837 added WN added CGW 1
[2.23e-08]
J2054-0251 added WN added CGW 1
[2.23e-08]
J0724-7148 added WN added CGW 1
[2.23e-08]
J0114+7148 added WN added CGW 1
[2.23e-08]
J1024+5812 added WN added CGW 1
[2.23e-08]
J1144+0251 added WN added CGW 1
[2.23e-08]
J1724+1428 added WN added CGW 1
[2.23e-08]
J0354-4032 added WN added CGW 1
[2.23e-08]
J1514-1428 added WN added CGW 1
[2.23e-08]
J1304-4835 added WN added CGW 1
[2.23e-08]
J0024-2029 added WN added CGW 1
[2.23e-08]
J2304+2644 added WN added CGW 1
[2.23e-08]
J2214-5812 added WN added CGW 1
[2.23e-08]
J0934-2644 added WN added CGW 1
[2.23e-08]
J0444+4032 added WN added CGW 1
[2.23e-08]
J1354+3322 added WN added CGW 1
[2.23e-08]
J1934+4835 added WN added CGW 1
[2.23e-08]
J1844-3322 added WN added CGW 1
[2.23e-08]
J0814+2029 added WN added CGW 1
[2.23e-08]
J0604-0837 added WN added CGW 1
PTA model with TM WN CRN (spectrum) 
--------------------------------------------------
 3.1928480204342273e-09 
--------------------------------------------------
Initiating OS stats
Calculating OS stats
--------------------------------------------------
 6.385696040868454e-09 
--------------------------------------------------
Initiating OS stats
Calculating OS stats
--------------------------------------------------
 9.57854406130268e-09 
--------------------------------------------------
Initiating OS stats
Calculating OS stats
--------------------------------------------------
 1.2771392081736907e-08 
--------------------------------------------------
Initiating OS stats
Calculating OS stats
--------------------------------------------------
 1.5964240102171136e-08 
--------------------------------------------------
Initiating OS stats
Calculating OS stats
--------------------------------------------------
 1.915708812260536e-08 
--------------------------------------------------
Initiating OS stats
Calculating OS stats
--------------------------------------------------
 2.234993614303959e-08 
--------------------------------------------------
Initiating OS stats
Calculating OS stats
--------------------------------------------------
 2.5542784163473818e-08 
--------------------------------------------------
Initiating OS stats
Calculating OS stats
--------------------------------------------------
 2.8735632183908043e-08 
--------------------------------------------------
Initiating OS stats
Calculating OS stats
--------------------------------------------------
 3.1928480204342265e-08 
--------------------------------------------------
Initiating OS stats
Calculating OS stats
--------------------------------------------------
 3.512132822477649e-08 
--------------------------------------------------
Initiating OS stats
Calculating OS stats
--------------------------------------------------
 3.831417624521072e-08 
--------------------------------------------------
Initiating OS stats
Calculating OS stats
--------------------------------------------------
 4.150702426564495e-08 
--------------------------------------------------
Initiating OS stats
Calculating OS stats
--------------------------------------------------
 4.469987228607917e-08 
--------------------------------------------------
Initiating OS stats
Calculating OS stats
--------------------------------------------------
 4.7892720306513405e-08 
--------------------------------------------------
Initiating OS stats
Calculating OS stats
--------------------------------------------------
 5.108556832694763e-08 
--------------------------------------------------
Initiating OS stats
Calculating OS stats
--------------------------------------------------
 5.4278416347381855e-08 
--------------------------------------------------
Initiating OS stats
Calculating OS stats
--------------------------------------------------
 5.747126436781608e-08 
--------------------------------------------------
Initiating OS stats
Calculating OS stats
--------------------------------------------------
 6.066411238825031e-08 
--------------------------------------------------
Initiating OS stats
Calculating OS stats
--------------------------------------------------
 6.385696040868454e-08 
--------------------------------------------------
Initiating OS stats
Calculating OS stats
