[tempo2Util.C:396] Warning: [PAR2] Have not set a DM epoch. The period epoch will be used instead. /u/kgrunthal/HD/par/isotropic/J0234+0837.par
[tempo2Util.C:396] Warning: [TIM1] Please place MODE flags in the parameter file 
[tempo2Util.C:401] Warning: [DUP1] duplicated warnings have been suppressed.
Optional mpi4py package is not installed.  MPI support is not available.
psrTerm= True
J0234+0837 added WN added broken GWB 
J2054-0251 added WN added broken GWB 
J0724-7148 added WN added broken GWB 
J0114+7148 added WN added broken GWB 
J1024+5812 added WN added broken GWB 
J1144+0251 added WN added broken GWB 
J1724+1428 added WN added broken GWB 
J0354-4032 added WN added broken GWB 
J1514-1428 added WN added broken GWB 
J1304-4835 added WN added broken GWB 
J0024-2029 added WN added broken GWB 
J2304+2644 added WN added broken GWB 
J2214-5812 added WN added broken GWB 
J0934-2644 added WN added broken GWB 
J0444+4032 added WN added broken GWB 
J1354+3322 added WN added broken GWB 
J1934+4835 added WN added broken GWB 
J1844-3322 added WN added broken GWB 
J0814+2029 added WN added broken GWB 
J0604-0837 added WN added broken GWB 
Simulation done
