Optional mpi4py package is not installed.  MPI support is not available.
psrTerm= True
[2.23e-08]
J0234+0837 added WN added RN (logA = -13.574334591261563, gamma=2.7987499950727512) added CGW 1
[2.23e-08]
J2054-0251 added WN added RN (logA = -13.45293312320132, gamma=2.117723586721165) added CGW 1
[2.23e-08]
J0724-7148 added WN added RN (logA = -13.890200131250692, gamma=1.7069107373656356) added CGW 1
[2.23e-08]
J0114+7148 added WN added RN (logA = -11.867677324952329, gamma=2.8238102475290647) added CGW 1
[2.23e-08]
J1024+5812 added WN added RN (logA = -12.500099570661945, gamma=1.5871573728177026) added CGW 1
[2.23e-08]
J1144+0251 added WN added RN (logA = -13.179139129023735, gamma=1.6975784346440368) added CGW 1
[2.23e-08]
J1724+1428 added WN added RN (logA = -13.418175619279438, gamma=1.4153604386018472) added CGW 1
[2.23e-08]
J0354-4032 added WN added RN (logA = -12.276605881287914, gamma=2.7429174678982866) added CGW 1
[2.23e-08]
J1514-1428 added WN added RN (logA = -12.711054705488056, gamma=1.0478542522240097) added CGW 1
[2.23e-08]
J1304-4835 added WN added RN (logA = -11.743191945537879, gamma=1.7822872256748503) added CGW 1
[2.23e-08]
J0024-2029 added WN added RN (logA = -11.597242870225632, gamma=1.9664259361572474) added CGW 1
[2.23e-08]
J2304+2644 added WN added RN (logA = -12.620773132580373, gamma=2.2178764342927386) added CGW 1
[2.23e-08]
J2214-5812 added WN added RN (logA = -12.263646861974918, gamma=1.2855791002483337) added CGW 1
[2.23e-08]
J0934-2644 added WN added RN (logA = -12.890679151702525, gamma=1.7399267353193992) added CGW 1
[2.23e-08]
J0444+4032 added WN added RN (logA = -12.746625818093268, gamma=2.1929810617570555) added CGW 1
[2.23e-08]
J1354+3322 added WN added RN (logA = -11.237198154954253, gamma=2.7310124036648507) added CGW 1
[2.23e-08]
J1934+4835 added WN added RN (logA = -13.242035614836162, gamma=1.364014627642822) added CGW 1
[2.23e-08]
J1844-3322 added WN added RN (logA = -13.018097256851902, gamma=1.9228536019084048) added CGW 1
[2.23e-08]
J0814+2029 added WN added RN (logA = -11.910837521599978, gamma=1.4410175363227369) added CGW 1
[2.23e-08]
J0604-0837 added WN added RN (logA = -12.071699171631321, gamma=2.7600659871727355) added CGW 1

[tempo2Util.C:396] Warning: [PAR2] Have not set a DM epoch. The period epoch will be used instead. /u/kgrunthal/HD/par/isotropic/J0234+0837.par
[tempo2Util.C:396] Warning: [TIM1] Please place MODE flags in the parameter file 
[tempo2Util.C:401] Warning: [DUP1] duplicated warnings have been suppressed.
Simulation done
